<?xml version="1.0" encoding="UTF-8"?>
<!-- Generated by org.testng.reporters.JUnitXMLReporter -->
<testsuite ignored="5" hostname="DESKTOP-3O9T5AI" failures="0" tests="0" time="0.04" errors="0" timestamp="2022-09-21T18:54:20 IST">
  <testcase classname="vtigerGenericUtilities.BaseClass" name="@BeforeSuite bsConfig" time="0.0">
    <ignored/>
  </testcase> <!-- @BeforeSuite bsConfig -->
  <testcase classname="vtigerGenericUtilities.BaseClass" name="@AfterSuite asConfig" time="0.0">
    <ignored/>
  </testcase> <!-- @AfterSuite asConfig -->
  <testcase classname="vtiger.Contacts.CreateContactWithOrganizationTest" name="CreateOrgTest" time="0.0">
    <ignored/>
  </testcase> <!-- CreateOrgTest -->
  <testcase classname="vtiger.OrgTests.CreateOrgWithIndustry" name="CreateOrgWithIndTest" time="0.0">
    <ignored/>
  </testcase> <!-- CreateOrgWithIndTest -->
  <testcase classname="vtiger.Contacts.CreateContactWithOrganizationTest" name="DemoTest" time="0.0">
    <ignored/>
  </testcase> <!-- DemoTest -->
</testsuite>
