<?xml version="1.0" encoding="UTF-8"?>
<testng-results ignored="5" total="5" passed="0" failed="0" skipped="0">
  <reporter-output>
    <line>
      <![CDATA[----------database connected--------]]>
    </line>
    <line>
      <![CDATA[----------database closed--------]]>
    </line>
  </reporter-output>
  <suite started-at="2022-09-21T18:54:20 IST" name="Suite" finished-at="2022-09-21T18:54:20 IST" duration-ms="40">
    <groups>
    </groups>
    <test started-at="2022-09-21T18:54:20 IST" name="Test" finished-at="2022-09-21T18:54:20 IST" duration-ms="40">
      <class name="vtiger.Contacts.CreateContactWithOrganizationTest">
        <test-method is-config="true" signature="bsConfig()[pri:0, instance:vtiger.Contacts.CreateContactWithOrganizationTest@3ce1e309]" started-at="2022-09-21T18:54:20 IST" name="bsConfig" finished-at="2022-09-21T18:54:20 IST" duration-ms="345" status="PASS">
          <reporter-output>
            <line>
              <![CDATA[----------database connected--------]]>
            </line>
          </reporter-output>
        </test-method> <!-- bsConfig -->
        <test-method is-config="true" signature="asConfig()[pri:0, instance:vtiger.Contacts.CreateContactWithOrganizationTest@3ce1e309]" started-at="2022-09-21T18:54:20 IST" name="asConfig" finished-at="2022-09-21T18:54:20 IST" duration-ms="9" status="PASS">
          <reporter-output>
            <line>
              <![CDATA[----------database closed--------]]>
            </line>
          </reporter-output>
        </test-method> <!-- asConfig -->
      </class> <!-- vtiger.Contacts.CreateContactWithOrganizationTest -->
    </test> <!-- Test -->
  </suite> <!-- Suite -->
</testng-results>
