<?xml version="1.0" encoding="UTF-8"?>
<testng-results ignored="0" total="1" passed="1" failed="0" skipped="0">
  <reporter-output>
  </reporter-output>
  <suite started-at="2022-10-03T11:41:59 IST" name="Default suite" finished-at="2022-10-03T11:41:59 IST" duration-ms="98">
    <groups>
    </groups>
    <test started-at="2022-10-03T11:41:59 IST" name="Default test" finished-at="2022-10-03T11:41:59 IST" duration-ms="98">
      <class name="practice.readDataFromrun">
        <test-method signature="tc1()[pri:0, instance:practice.readDataFromrun@247d8ae]" started-at="2022-10-03T11:41:59 IST" name="tc1" finished-at="2022-10-03T11:41:59 IST" duration-ms="13" status="PASS">
          <reporter-output>
          </reporter-output>
        </test-method> <!-- tc1 -->
      </class> <!-- practice.readDataFromrun -->
    </test> <!-- Default test -->
  </suite> <!-- Default suite -->
</testng-results>
